0emm.com,ns4.google.com.,ns1.google.com.,ns2.google.com.,ns3.google.com.
001www.com,ns1.now-dns.com.,ns2.now-dns.com.
3utilities.com,nf1.no-ip.com.,nf2.no-ip.com.,nf3.no-ip.com.,nf4.no-ip.com.,nf5.no-ip.com.
0e.vc,ns.udag.de.,ns.udag.org.,ns.udag.net.
1337.pictures,jake.ns.cloudflare.com.,jill.ns.cloudflare.com.
4u.com,ns6.registry-servers.4u.com.,ns3.registry-servers.4u.com.,ns4.registry-servers.4u.com.,ns1.registry-servers.4u.com.,ns2.registry-servers.4u.com.,ns5.registry-servers.4u.com.
64-b.it,ns1.now-dns.com.,ns2.now-dns.com.
611.to,pns33.cloudns.net.,pns32.cloudns.net.,pns34.cloudns.net.,pns31.cloudns.net.
ac.ae,ns4.apnic.net.,nsext-pch.aedns.ae.,ns1.aedns.ae.,ns2.aedns.ae.
ac.in,ns1.registry.in.,ns2.registry.in.,ns5.registry.in.,ns4.registry.in.,ns3.registry.in.,ns6.registry.in.
ac.ke,kenic.anycastdns.cz.,ns.anycast.kenic.or.ke.,b.ns.tznic.or.tz.,ns2ke.dns.business.,ns-ke.afrinic.net.,mzizi.kenic.or.ke.
ac.mu,anycast1.irondns.net.,udns1.tld.mu.,fork.sth.dnsnode.net.,udns2.tld.mu.
aaa,b.nic.aaa.,c.nic.aaa.,ns3.dns.nic.aaa.,ns1.dns.nic.aaa.,a.nic.aaa.,ns2.dns.nic.aaa.
ac.vn,e.dns-servers.vn.,d.dns-servers.vn.,g.dns-servers.vn.,b.dns-servers.vn.,c.dns-servers.vn.,f.dns-servers.vn.,a.dns-servers.vn.
ac.th,c.thains.co.th.,b.thains.co.th.,p.thains.co.th.,a.thains.co.th.,ns.thnic.net.
ac.cn,b.dns.cn.,g.dns.cn.,f.dns.cn.,d.dns.cn.,cns.cernet.net.,c.dns.cn.,e.dns.cn.,a.dns.cn.
accesscam.org,ns2.dynu.com.,ns1.dynu.com.,ns6.dynu.com.,ns5.dynu.com.,ns0.dynu.com.,ns3.dynu.com.
ac.za,za-ns.anycast.pch.net.,disa.tenet.ac.za.,ns2us.dns.business.,ns3.dns.business.,ns4.dns.business.
aarp,ac3.nstld.com.,ac2.nstld.com.,ac4.nstld.com.,ac1.nstld.com.
ac.tz,d.ext.nic.cz.,ns2.tznic.or.tz.,ns.anycast.co.tz.,fork.sth.dnsnode.net.,rip.psg.com.
abbvie,dns4.nic.abbvie.,dnsa.nic.abbvie.,dns1.nic.abbvie.,dnsc.nic.abbvie.,dnsd.nic.abbvie.,dns3.nic.abbvie.,dns2.nic.abbvie.,dnsb.nic.abbvie.
ac.mz,zebra.uem.mz.,dzowo.uem.mz.,phloem.uoregon.edu.,oceano.uem.mz.,anyns.uem.mz.,ns-mz.afrinic.net.
abbott,a0.nic.abbott.,a2.nic.abbott.,b0.nic.abbott.,c0.nic.abbott.
abb,ac2.nstld.com.,ac1.nstld.com.,ac3.nstld.com.,ac4.nstld.com.
abc,ac3.nstld.com.,ac2.nstld.com.,ac1.nstld.com.,ac4.nstld.com.
abudhabi,gtld.gamma.aridns.net.au.,gtld.delta.aridns.net.au.,gtld.beta.aridns.net.au.,gtld.alpha.aridns.net.au.
advisor.ws,pdns01.domaincontrol.com.,pdns02.domaincontrol.com.
ac,a0.nic.ac.,a2.nic.ac.,b0.nic.ac.,c0.nic.ac.
able,a.nic.able.,ns2.dns.nic.able.,b.nic.able.,ns3.dns.nic.able.,ns1.dns.nic.able.,c.nic.able.
ac.pr,a0.pr.afilias-nst.info.,a2.pr.afilias-nst.info.,b0.pr.afilias-nst.org.,b2.pr.afilias-nst.org.,c0.pr.afilias-nst.info.,d0.pr.afilias-nst.org.
adobeaemcloud.com,ns-1457.awsdns-54.org.,ns-1617.awsdns-10.co.uk.,ns-631.awsdns-14.net.,ns-84.awsdns-10.com.
accountant,a.nic.accountant.,b.nic.accountant.,c.nic.accountant.,ns1.dns.nic.accountant.,ns2.dns.nic.accountant.,ns3.dns.nic.accountant.
adimo.co.uk,ns-1041.awsdns-02.org.,ns-1569.awsdns-04.co.uk.,ns-243.awsdns-30.com.,ns-840.awsdns-41.net.
abogado,a.nic.abogado.,c.nic.abogado.,b.nic.abogado.,d.nic.abogado.
16-b.it,ns2.now-dns.com.,ns1.now-dns.com.
adobeaemcloud.net,ns-1077.awsdns-06.org.,ns-1610.awsdns-09.co.uk.,ns-36.awsdns-04.com.,ns-544.awsdns-04.net.
9guacu.br,a.dns.br.,b.dns.br.,c.dns.br.,d.dns.br.,e.dns.br.,f.dns.br.
africa.com,ns1.dns.business.,ns3.dns.business.,ns4.dns.business.,ns2us.dns.business.
12hp.de,ns1.lima-city.de.,ns3.lima-city.de.,ns2.lima-city.de.
4lima.de,ns2.lima-city.de.,ns1.lima-city.de.,ns3.lima-city.de.
abo.pa,ns.pa.,ns.dns.br.,ns.nic.pa.,ns2.pa.,dns-ext.nic.cr.,ssdns-tld.nic.cl.
aaa.pro,a0.pro.afilias-nst.info.,a2.pro.afilias-nst.info.,b0.pro.afilias-nst.org.,b2.pro.afilias-nst.org.,c0.pro.afilias-nst.info.,d0.pro.afilias-nst.org.
ae.org,ns4.centralnic.net.,ns2.centralnic.net.,ns1.centralnic.net.,ns3.centralnic.net.
adv.br,a.dns.br.,b.dns.br.,c.dns.br.,d.dns.br.,e.dns.br.,f.dns.br.
1kapp.com,dns.sinacloud.net.,dns.sinacloud.com.
ac.ni,ns.uu.net.,ns.ni.,ns2.ni.,dns-ext.nic.cr.,ns.ideay.net.ni.,ns3.ni.
act.edu.au,q.au.,r.au.,s.au.,t.au.
ac.pa,ns.pa.,ns.dns.br.,ns.nic.pa.,ns2.pa.,dns-ext.nic.cr.,ssdns-tld.nic.cl.
ac.mw,d.ext.nic.cz.,mw.cctld.authdns.ripe.net.,ns4.apnic.net.,rip.psg.com.,pch1.nic.mw.,domwe.sdn.mw.,chambo.sdnp.org.mw.
abarth,a0.nic.abarth.,a2.nic.abarth.,b0.nic.abarth.,c0.nic.abarth.
ae,ns2.aedns.ae.,nsext-pch.aedns.ae.,ns1.aedns.ae.,ns4.apnic.net.
academy,v0n1.nic.academy.,v2n0.nic.academy.,v0n3.nic.academy.,v0n2.nic.academy.,v2n1.nic.academy.,v0n0.nic.academy.
ac.ir,a.nic.ir.,b.nic.ir.,ir.cctld.authdns.ripe.net.,dns-ir.univie.ac.at.
acct.pro,a0.pro.afilias-nst.info.,a2.pro.afilias-nst.info.,c0.pro.afilias-nst.info.,d0.pro.afilias-nst.org.,b2.pro.afilias-nst.org.,b0.pro.afilias-nst.org.
act.au,q.au.,r.au.,s.au.,t.au.
aco,a.dns.nic.aco.,m.dns.nic.aco.,n.dns.nic.aco.
ac.uk,ns1.surfnet.nl.,ns0.ja.net.,ns3.ja.net.,dns-3.dfn.de.,ns4.ja.net.,auth03.ns.uu.net.,ns2.ja.net.
accenture,ac1.nstld.com.,ac3.nstld.com.,ac2.nstld.com.,ac4.nstld.com.
ac.cr,ca1.nic.cr.,ca2.nic.cr.,a.lactld.org.,de.nic.cr.,dns.nic.cr.,p.nic.cr.
aetna,a.nic.aetna.,b.nic.aetna.,c.nic.aetna.,ns1.dns.nic.aetna.,ns2.dns.nic.aetna.,ns3.dns.nic.aetna.
adult,d.nic.adult.,a.nic.adult.,b.nic.adult.,c.nic.adult.
adac,a.nic.adac.,b.nic.adac.,c.nic.adac.,d.nic.adac.
aca.pro,a0.pro.afilias-nst.info.,a2.pro.afilias-nst.info.,b0.pro.afilias-nst.org.,b2.pro.afilias-nst.org.,c0.pro.afilias-nst.info.,d0.pro.afilias-nst.org.
africa,nsp.netnod.se.,coza1.dnsnode.net.
ac.id,c.dns.id.,b.dns.id.,d.dns.id.,e.dns.id.
aero,a0.nic.aero.,a2.nic.aero.,b0.nic.aero.,b2.nic.aero.,c0.nic.aero.
actor,v0n0.nic.actor.,v0n2.nic.actor.,v0n3.nic.actor.,v2n0.nic.actor.,v2n1.nic.actor.,v0n1.nic.actor.
afl,c.nic.afl.,d.nic.afl.,a.nic.afl.,b.nic.afl.
ads,ns-tld3.charlestonroadregistry.com.,ns-tld1.charlestonroadregistry.com.,ns-tld5.charlestonroadregistry.com.,ns-tld4.charlestonroadregistry.com.,ns-tld2.charlestonroadregistry.com.
aeg,ac2.nstld.com.,ac1.nstld.com.,ac4.nstld.com.,ac3.nstld.com.
affinitylottery.org.uk,kim.ns.cloudflare.com.,sean.ns.cloudflare.com.
ac.cy,ns4.apnic.net.,ns31.rcode0.net.,cy-ns.anycast.pch.net.,estia.ics.forth.gr.,cynic4.dns.cy.,cynic6.dns.cy.
agakhan,a0.nic.agakhan.,a2.nic.agakhan.,b0.nic.agakhan.,c0.nic.agakhan.
ac.rs,ns2.iif.hu.,gaea.rcub.bg.ac.rs.,ns1.uns.ac.rs.,ns.unic.kg.ac.rs.,ns.etf.bg.ac.rs.,ban.junis.ni.ac.rs.,odisej.telekom.rs.,ns.rcub.bg.ac.rs.
af,ns2.anycastdns.cz.,ns.anycast.nic.af.,ns1.anycastdns.cz.
accountants,v0n0.nic.accountants.,v0n1.nic.accountants.,v0n2.nic.accountants.,v0n3.nic.accountants.,v2n0.nic.accountants.,v2n1.nic.accountants.
ac.il,nsa.ns.il.,nse.ns.il.,ns3.ns.il.,lookup.iucc.ac.il.,ns1.ns.il.,ns4.ns.il.,nsb.ns.il.,ilns.ilan.net.il.
ac.me,ns.ac.me.,ns2.ac.me.
12hp.at,ns1.lima-city.de.,ns3.lima-city.de.,ns2.lima-city.de.
32-b.it,ns1.now-dns.com.,ns2.now-dns.com.
airkitapps.com,ns-1267.awsdns-30.org.,ns-1615.awsdns-09.co.uk.,ns-39.awsdns-04.com.,ns-864.awsdns-44.net.
2ix.ch,ns3.lima-city.de.,ns2.lima-city.de.,ns1.lima-city.de.
2ix.de,ns3.lima-city.de.,ns2.lima-city.de.,ns1.lima-city.de.
airkitapps.eu,ns-110.awsdns-13.com.,ns-1333.awsdns-38.org.,ns-1798.awsdns-32.co.uk.,ns-908.awsdns-49.net.
airkitapps-au.com,ns-1056.awsdns-04.org.,ns-2008.awsdns-59.co.uk.,ns-34.awsdns-04.com.,ns-963.awsdns-56.net.
2ix.at,ns1.lima-city.de.,ns3.lima-city.de.,ns2.lima-city.de.
2000.hu,a.hu.,d.hu.,c.hu.,b.hu.
12hp.ch,ns1.lima-city.de.,ns3.lima-city.de.,ns2.lima-city.de.
agency,v0n1.nic.agency.,v0n3.nic.agency.,v2n1.nic.agency.,v0n2.nic.agency.,v0n0.nic.agency.,v2n0.nic.agency.
4lima.ch,ns3.lima-city.de.,ns1.lima-city.de.,ns2.lima-city.de.
ag,a0.cctld.afilias-nst.info.,c0.cctld.afilias-nst.info.,b2.cctld.afilias-nst.org.,d0.cctld.afilias-nst.org.,b0.cctld.afilias-nst.org.,a2.cctld.afilias-nst.info.
ai,anycastdns2-cz.nic.ai.,pch.whois.ai.,a.lactld.org.,anycastdns1-cz.nic.ai.
agro.pl,a-dns.pl.,b-dns.pl.,c-dns.pl.,d-dns.pl.,e-dns.pl.,f-dns.pl.,g-dns.pl.,h-dns.pl.,i-dns.pl.
aivencloud.com,ns-1225.awsdns-25.org.,ns-1642.awsdns-13.co.uk.,ns-320.awsdns-40.com.,ns-934.awsdns-52.net.
4lima.at,ns2.lima-city.de.,ns1.lima-city.de.,ns3.lima-city.de.
ac.be,ns1.belnet.be.,ns1.surfnet.nl.,ns2.belnet.be.,ns3.belnet.be.
airbus,ac1.nstld.com.,ac3.nstld.com.,ac4.nstld.com.,ac2.nstld.com.
aid.pl,a-dns.pl.,b-dns.pl.,c-dns.pl.,d-dns.pl.,e-dns.pl.,f-dns.pl.,g-dns.pl.,h-dns.pl.,i-dns.pl.
aig,b.nic.aig.,a.nic.aig.,ns3.dns.nic.aig.,ns2.dns.nic.aig.,c.nic.aig.,ns1.dns.nic.aig.
aa.no,x.nic.no.,y.nic.no.,z.nic.no.
ac.at,d.ns.at.,n.ns.at.,ns1.univie.ac.at.,ns2.univie.ac.at.
ac.ci,censvrns0001.ird.fr.,ci.hosting.nic.fr.,ns.nic.ci.,any.nic.ci.,ns1.nic.ci.,ns-ci.afrinic.net.,phloem.uoregon.edu.
ad,ad.ns.nic.es.,dnsm.ad.,dnsc.ad.,ad.cctld.authdns.ripe.net.,ns3.nic.fr.
airtel,ac2.nstld.com.,ac4.nstld.com.,ac1.nstld.com.,ac3.nstld.com.
aero.mv,ns2.dhivehinet.net.mv.,mv-ns.anycast.pch.net.,ns-cache01.dhivehinet.net.mv.,ns.aero.mv.
airforce,v0n0.nic.airforce.,v0n1.nic.airforce.,v0n2.nic.airforce.,v0n3.nic.airforce.,v2n0.nic.airforce.,v2n1.nic.airforce.
aarborte.no,z.nic.no.,y.nic.no.,x.nic.no.
ac.ru,ns1.free.net.,ns2.free.net.,ns-soa.darenet.dk.
ac.zw,ns1.liquidtelecom.net.,uofzns02.uz.ac.zw.,ns2.liquidtelecom.net.,uofzns01.uz.ac.zw.
altervista.org,ns1.altervista.org.,ns2.altervista.org.,ns3.altervista.org.,ns4.altervista.org.
alpha-myqnapcloud.com,ns1.alpha-myqnapcloud.com.
ac.gov.br,ns1.ac.gov.br.,ns2.ac.gov.br.
alt.za,za-ns.anycast.pch.net.,psg.com.,ns2.iafrica.com.,mumble.proxima.alt.za.,ns1.iafrica.com.
akdn,a0.nic.akdn.,a2.nic.akdn.,b0.nic.akdn.,c0.nic.akdn.
altoadige.it,guy.ns.cloudflare.com.,rita.ns.cloudflare.com.
al,rip.psg.com.,nsx.nic.al.,ns1.nic.al.,munnari.oz.au.
alces.network,ns-cloud-e1.googledomains.com.,ns-cloud-e2.googledomains.com.,ns-cloud-e4.googledomains.com.,ns-cloud-e3.googledomains.com.
aejrie.no,y.nic.no.,z.nic.no.,x.nic.no.
ac.lk,c.nic.lk.,d.nic.lk.,t.nic.lk.,ns2.ac.lk.,ns1.ac.lk.
ally,a.nic.ally.,d.nic.ally.,c.nic.ally.,b.nic.ally.
agric.za,titan.is.co.za.,demeter.is.co.za.,jupiter.is.co.za.
alibaba,a0.nic.alibaba.,a2.nic.alibaba.,b0.nic.alibaba.,c0.nic.alibaba.
amazon,dns3.nic.amazon.,dns2.nic.amazon.,dnsa.nic.amazon.,dnsb.nic.amazon.,dnsc.nic.amazon.,dnsd.nic.amazon.,dns1.nic.amazon.,dns4.nic.amazon.
amsterdam,ns1.nic.amsterdam.,ns2.nic.amsterdam.,ns3.nic.amsterdam.
am,ns-cdn.amnic.net.,ns-pch.amnic.net.,ns-pri.nic.am.,fork.sth.dnsnode.net.
afjord.no,z.nic.no.,y.nic.no.,x.nic.no.
amica,ns3.dns.nic.amica.,c.nic.amica.,a.nic.amica.,b.nic.amica.,ns1.dns.nic.amica.,ns2.dns.nic.amica.
ac.kr,f.dns.kr.,b.dns.kr.,c.dns.kr.,d.dns.kr.,e.dns.kr.,g.dns.kr.
amfam,ac2.nstld.com.,ac3.nstld.com.,ac4.nstld.com.,ac1.nstld.com.
ac.ma,ns-ma.nic.fr.,dns.inria.fr.,e.tld.ma.,c.tld.ma.,d.tld.ma.,b.tld.ma.,f.tld.ma.,a.tld.ma.
adm.br,b.dns.br.,f.dns.br.,a.dns.br.,e.dns.br.,c.dns.br.,d.dns.br.
abc.br,a.dns.br.,b.dns.br.,c.dns.br.,d.dns.br.,e.dns.br.,f.dns.br.
agrar.hu,d.hu.,a.hu.,b.hu.,c.hu.
alfaromeo,c0.nic.alfaromeo.,a0.nic.alfaromeo.,a2.nic.alfaromeo.,b0.nic.alfaromeo.
alsace,g.ext.nic.fr.,f.ext.nic.fr.,d.nic.fr.
agdenes.no,z.nic.no.,x.nic.no.,y.nic.no.
al.eu.org,ns.ankh.fr.eu.org.,ns1.eu.org.,hobbes.bsd-dk.dk.
allfinanz,b.nic.allfinanz.,a.nic.allfinanz.,c.nic.allfinanz.,d.nic.allfinanz.
ann-arbor.mi.us,dns3.merit.net.,dns1.merit.net.,dns2.merit.net.
americanfamily,ac3.nstld.com.,ac1.nstld.com.,ac2.nstld.com.,ac4.nstld.com.
amex,ns2.dns.nic.amex.,c.nic.amex.,ns1.dns.nic.amex.,ns3.dns.nic.amex.,a.nic.amex.,b.nic.amex.
allstate,a0.nic.allstate.,a2.nic.allstate.,b0.nic.allstate.,c0.nic.allstate.
americanexpress,ns3.dns.nic.americanexpress.,b.nic.americanexpress.,c.nic.americanexpress.,ns2.dns.nic.americanexpress.,a.nic.americanexpress.,ns1.dns.nic.americanexpress.
aland.fi,ns.alcom.aland.fi.,ns3.alcom.aland.fi.,ns2.alcom.aland.fi.
alwaysdata.net,dns1.alwaysdata.com.,dns2.alwaysdata.com.
alipay,a0.nic.alipay.,a2.nic.alipay.,b0.nic.alipay.,c0.nic.alipay.
alstom,anycast9.irondns.net.,anycast24.irondns.net.,anycast10.irondns.net.,anycast23.irondns.net.
ah.no,x.nic.no.,z.nic.no.,y.nic.no.
ap-south-1.elasticbeanstalk.com,ns-1320.awsdns-37.org.,ns-1812.awsdns-34.co.uk.,ns-474.awsdns-59.com.,ns-603.awsdns-11.net.
ao,h.dns.pt.,ao01.dns.pt.,ao03.dns.pt.
angry.jp,dns01.chicappa.jp.,dns02.chicappa.jp.
ap-northeast-2.elasticbeanstalk.com,ns-1287.awsdns-32.org.,ns-1741.awsdns-25.co.uk.,ns-427.awsdns-53.com.,ns-620.awsdns-13.net.
analytics,ns2.dns.nic.analytics.,b.nic.analytics.,c.nic.analytics.,a.nic.analytics.,ns1.dns.nic.analytics.,ns3.dns.nic.analytics.
ah.cn,d.dns.cn.,a.dns.cn.,b.dns.cn.,e.dns.cn.,c.dns.cn.,g.dns.cn.,cns.cernet.net.,f.dns.cn.
ap-northeast-1.elasticbeanstalk.com,ns-1268.awsdns-30.org.,ns-1616.awsdns-10.co.uk.,ns-371.awsdns-46.com.,ns-919.awsdns-50.net.
ap-southeast-1.elasticbeanstalk.com,ns-1258.awsdns-29.org.,ns-1607.awsdns-08.co.uk.,ns-325.awsdns-40.com.,ns-944.awsdns-54.net.
ap-southeast-2.elasticbeanstalk.com,ns-1055.awsdns-03.org.,ns-1756.awsdns-27.co.uk.,ns-412.awsdns-51.com.,ns-807.awsdns-36.net.
am.leg.br,dns2.infra.leg.br.,dns1.infra.leg.br.,dns3.infra.leg.br.
al.gov.br,ns4.fapeal.br.,ns1.fapeal.br.,ns3.fapeal.br.,ns2.fapeal.br.
aeroport.fr,ns4.smallregistry.net.,ns2.smallregistry.net.,ns3.smallregistry.net.,ns1.smallregistry.net.
ac.nz,ns1.dns.net.nz.,ns7.dns.net.nz.,ns2.dns.net.nz.,ns5.dns.net.nz.,ns3.dns.net.nz.,ns4.dns.net.nz.,ns6.dns.net.nz.
appspot.com,ns2.google.com.,ns3.google.com.,ns1.google.com.,ns4.google.com.
aol,ac2.nstld.com.,ac3.nstld.com.,ac1.nstld.com.,ac4.nstld.com.
anquan,ns3.teleinfo.cn.,ns1.teleinfo.cn.,ns4.teleinfoo.com.,ns2.teleinfoo.com.
ap-northeast-3.elasticbeanstalk.com,ns-1195.awsdns-21.org.,ns-1567.awsdns-03.co.uk.,ns-425.awsdns-53.com.,ns-534.awsdns-02.net.
app.banzaicloud.io,ns-13.awsdns-01.com.,ns-1423.awsdns-49.org.,ns-2034.awsdns-62.co.uk.,ns-643.awsdns-16.net.
ar.com,pdns07.domaincontrol.com.,pdns08.domaincontrol.com.
app.br,a.dns.br.,b.dns.br.,c.dns.br.,d.dns.br.,e.dns.br.,f.dns.br.
android,ns-tld5.charlestonroadregistry.com.,ns-tld3.charlestonroadregistry.com.,ns-tld4.charlestonroadregistry.com.,ns-tld1.charlestonroadregistry.com.,ns-tld2.charlestonroadregistry.com.
ac.leg.br,dns1.infra.leg.br.,dns3.infra.leg.br.,dns2.infra.leg.br.
and.mom,ns-a5.namesoflondon.net.,ns-a4.namesoflondon.net.,ns-a3.namesoflondon.net.,ns-a2.namesoflondon.net.,ns-a1.namesoflondon.net.
art.do,ns3.nic.mx.,ns.nic.do.,ns5.nic.do.,ns2.nic.do.,a.lactld.org.,ns1.nic.do.,ns4.nic.do.,phloem.uoregon.edu.
ac.ls,ns2.nic.ls.,thaba.nul.ls.,ns1.nic.ls.
app,ns-tld1.charlestonroadregistry.com.,ns-tld4.charlestonroadregistry.com.,ns-tld3.charlestonroadregistry.com.,ns-tld2.charlestonroadregistry.com.,ns-tld5.charlestonroadregistry.com.
aknoluokta.no,z.nic.no.,x.nic.no.,y.nic.no.
apple,a2.nic.apple.,c0.nic.apple.,b0.nic.apple.,a0.nic.apple.
aq,fork.sth.dnsnode.net.,ns1.anycast.dns.aq.,ns99.dns.net.nz.
arts.museum,ns1.netim.net.,ns3.netim.net.,ns2.netim.net.
aquarelle,g.ext.nic.fr.,f.ext.nic.fr.,d.nic.fr.
apigee.io,ns-cloud-d4.googledomains.com.,ns-cloud-d2.googledomains.com.,ns-cloud-d1.googledomains.com.,ns-cloud-d3.googledomains.com.
akrehamn.no,z.nic.no.,y.nic.no.,x.nic.no.
arq.br,a.dns.br.,b.dns.br.,c.dns.br.,d.dns.br.,e.dns.br.,f.dns.br.
appspacehosted.com,ns-cloud-b4.googledomains.com.,ns-cloud-b2.googledomains.com.,ns-cloud-b1.googledomains.com.,ns-cloud-b3.googledomains.com.
arab,gtld.alpha.aridns.net.au.,gtld.delta.aridns.net.au.,gtld.gamma.aridns.net.au.,gtld.beta.aridns.net.au.
al.no,z.nic.no.,x.nic.no.,y.nic.no.
agr.br,a.dns.br.,b.dns.br.,c.dns.br.,d.dns.br.,e.dns.br.,f.dns.br.
alta.no,z.nic.no.,y.nic.no.,x.nic.no.
aramco,ns2.dns.nic.aramco.,ns1.dns.nic.aramco.,ns6.dns.nic.aramco.,ns4.dns.nic.aramco.,ns5.dns.nic.aramco.,ns3.dns.nic.aramco.
alesund.no,z.nic.no.,x.nic.no.,y.nic.no.
algard.no,x.nic.no.,y.nic.no.,z.nic.no.
apartments,v0n2.nic.apartments.,v0n0.nic.apartments.,v2n0.nic.apartments.,v0n1.nic.apartments.,v0n3.nic.apartments.,v2n1.nic.apartments.
arpa,a.ns.arpa.,b.ns.arpa.,c.ns.arpa.,d.ns.arpa.,e.ns.arpa.,f.ns.arpa.,g.ns.arpa.,h.ns.arpa.,i.ns.arpa.,k.ns.arpa.,l.ns.arpa.,m.ns.arpa.
aju.br,a.dns.br.,b.dns.br.,c.dns.br.,d.dns.br.,e.dns.br.,f.dns.br.
alaheadju.no,z.nic.no.,y.nic.no.,x.nic.no.
alvdal.no,x.nic.no.,z.nic.no.,y.nic.no.
anz,d.nic.anz.,b.nic.anz.,a.nic.anz.,c.nic.anz.
alstahaug.no,x.nic.no.,y.nic.no.,z.nic.no.
amli.no,x.nic.no.,y.nic.no.,z.nic.no.
art,a.nic.art.,c.nic.art.,d.nic.art.,b.nic.art.
am.gov.br,ns2.am.gov.br.,ns1.am.gov.br.,ns3.am.gov.br.
as,pch.nic.as.,NS3.ASNIC.ORG.,NS4.ASNIC.UK.,NS1.ASNIC.BIZ.,NS2.ASNIC.INFO.,NS5.ASNIC.US.
alp1.ae.flow.ch,ns4.alp1.ae.flow.ch.,ns5.alp1.ae.flow.ch.
amot.no,z.nic.no.,x.nic.no.,y.nic.no.
army,v0n0.nic.army.,v0n1.nic.army.,v0n2.nic.army.,v0n3.nic.army.,v2n0.nic.army.,v2n1.nic.army.
arte,ac3.nstld.com.,ac1.nstld.com.,ac4.nstld.com.,ac2.nstld.com.
andasuolo.no,x.nic.no.,z.nic.no.,y.nic.no.
andebu.no,y.nic.no.,z.nic.no.,x.nic.no.
appudo.net,ns3.appudo.com.,ns2.appudo.com.,ns1.appudo.com.
archi,a0.nic.archi.,a2.nic.archi.,b0.nic.archi.,c0.nic.archi.
asn.au,q.au.,r.au.,s.au.,t.au.
api.gov.uk,ns-122.awsdns-15.com.,ns-cloud-e4.googledomains.com.,ns-1833.awsdns-37.co.uk.,ns-1020.awsdns-63.net.,ns-cloud-e3.googledomains.com.,ns-cloud-e2.googledomains.com.,ns-1276.awsdns-31.org.,ns-cloud-e1.googledomains.com.
applinzi.com,ns1.sinacloud.com.,ns2.sinacloud.com.
appspaceusercontent.com,ns-cloud-a3.googledomains.com.,ns-cloud-a1.googledomains.com.,ns-cloud-a2.googledomains.com.,ns-cloud-a4.googledomains.com.
andoy.no,z.nic.no.,y.nic.no.,x.nic.no.
appchizi.com,ns2.sinacloud.com.,ns1.sinacloud.com.
arvo.network,ns-cloud-c4.googledomains.com.,ns-cloud-c2.googledomains.com.,ns-cloud-c1.googledomains.com.,ns-cloud-c3.googledomains.com.
aquila.it,ns2.parkingcrew.net.,ns1.parkingcrew.net.
art.br,a.dns.br.,b.dns.br.,c.dns.br.,d.dns.br.,e.dns.br.,f.dns.br.
am.br,b.dns.br.,e.dns.br.,d.dns.br.,a.dns.br.,f.dns.br.,c.dns.br.
andøy.no,z.nic.no.,y.nic.no.,x.nic.no.
aip.ee,ns.zone.eu.,ns3.zonedata.net.,ns2.zone.ee.
adygeya.su,ns8-geo.nic.ru.,ns3-geo.nic.ru.,ns4-geo.nic.ru.
asda,ac2.nstld.com.,ac4.nstld.com.,ac3.nstld.com.,ac1.nstld.com.
al.leg.br,dns3.infra.leg.br.,dns2.infra.leg.br.,dns1.infra.leg.br.
ar,c.dns.ar.,f.dns.ar.,ar.cctld.authdns.ripe.net.,d.dns.ar.,a.dns.ar.,e.dns.ar.,b.dns.ar.
at-band-camp.net,ns2.p201.dns.oraclecloud.net.,ns4.p201.dns.oraclecloud.net.,ns1.p201.dns.oraclecloud.net.,ns3.p201.dns.oraclecloud.net.
asso.nc,ns2.nc.,any-ns1.nc.,ns1.nc.
ath.cx,ns2.p201.dns.oraclecloud.net.,ns3.p201.dns.oraclecloud.net.,ns4.p201.dns.oraclecloud.net.,ns1.p201.dns.oraclecloud.net.
aparecida.br,a.dns.br.,b.dns.br.,c.dns.br.,d.dns.br.,e.dns.br.,f.dns.br.
atm.pl,a-dns.pl.,b-dns.pl.,c-dns.pl.,d-dns.pl.,e-dns.pl.,f-dns.pl.,g-dns.pl.,h-dns.pl.,i-dns.pl.
asia,b2.asia.afilias-nst.org.,a2.asia.afilias-nst.info.,c0.asia.afilias-nst.info.,d0.asia.afilias-nst.asia.,b0.asia.afilias-nst.asia.,a0.asia.afilias-nst.info.
augustow.pl,c-dns.pl.,h-dns.pl.,f-dns.pl.,a-dns.pl.,b-dns.pl.,e-dns.pl.,i-dns.pl.,d-dns.pl.,g-dns.pl.
at,d.ns.at.,j.ns.at.,n.ns.at.,r.ns.at.,u.ns.at.,ns1.univie.ac.at.,ns2.univie.ac.at.,ns9.univie.ac.at.
adygeya.ru,ns3-geo.nic.ru.,ns4-geo.nic.ru.,ns8-geo.nic.ru.
anthropology.museum,dns557gb.xorgs.com.anthropology.museum.,dns431ba.xorgs.com.anthropology.museum.
av.tr,lns42.nic.tr.,lns61.nic.tr.,lns71.nic.tr.,lns31.nic.tr.,lns5.nic.tr.,lns34.nic.tr.,lns41.nic.tr.,lns35.nic.tr.
appengine.flow.ch,ns1.appengine.flow.ch.,ns2.appengine.flow.ch.,ns14.appengine.flow.ch.,ns20.appengine.flow.ch.,ns5.appengine.flow.ch.
associates,v0n0.nic.associates.,v0n1.nic.associates.,v0n2.nic.associates.,v0n3.nic.associates.,v2n0.nic.associates.,v2n1.nic.associates.
auto.pl,c-dns.pl.,a-dns.pl.,i-dns.pl.,b-dns.pl.,h-dns.pl.,g-dns.pl.,d-dns.pl.,f-dns.pl.,e-dns.pl.
art.dz,ns1.nic.dz.,ns2.nic.dz.
athleta,c.nic.athleta.,b.nic.athleta.,a.nic.athleta.,ns3.dns.nic.athleta.,ns2.dns.nic.athleta.,ns1.dns.nic.athleta.
ap.gov.br,dns2.ap.gov.br.,dns1.ap.gov.br.
authgear-staging.com,ns-cloud-c3.googledomains.com.,ns-cloud-c2.googledomains.com.,ns-cloud-c1.googledomains.com.,ns-cloud-c4.googledomains.com.
anani.br,f.dns.br.,e.dns.br.,d.dns.br.,a.dns.br.,c.dns.br.,b.dns.br.
auspost,d.nic.auspost.,a.nic.auspost.,b.nic.auspost.,c.nic.auspost.
audible,dnsa.nic.audible.,dnsc.nic.audible.,dns3.nic.audible.,dnsb.nic.audible.,dns1.nic.audible.,dns4.nic.audible.,dns2.nic.audible.,dnsd.nic.audible.
author,dns1.nic.author.,dnsd.nic.author.,dnsa.nic.author.,dns3.nic.author.,dns4.nic.author.,dns2.nic.author.,dnsc.nic.author.,dnsb.nic.author.
awsglobalaccelerator.com,ns-1484.awsdns-57.org.,ns-1949.awsdns-51.co.uk.,ns-409.awsdns-51.com.,ns-609.awsdns-12.net.
authgearapps.com,ns-cloud-c2.googledomains.com.,ns-cloud-c1.googledomains.com.,ns-cloud-c3.googledomains.com.,ns-cloud-c4.googledomains.com.
auction,v0n3.nic.auction.,v0n0.nic.auction.,v0n1.nic.auction.,v2n1.nic.auction.,v0n2.nic.auction.,v2n0.nic.auction.
auto,a.nic.auto.,b.nic.auto.,c.nic.auto.,d.nic.auto.
asso.eu.org,NS1.ERIOMEM.NET.,NS1.eu.org.
asso.ci,a.dnspod.com.,b.dnspod.com.,c.dnspod.com.
art.sn,ns.nic.sn.,dns.ucad.sn.,ns.ucad.sn.
arendal.no,z.nic.no.,x.nic.no.,y.nic.no.
au,r.au.,s.au.,q.au.,t.au.
at.eu.org,NS.ANKH.FR.eu.org.,NS1.eu.org.,NS1.ERIOMEM.NET.
aremark.no,z.nic.no.,y.nic.no.,x.nic.no.
ardal.no,y.nic.no.,z.nic.no.,x.nic.no.
audio,ns1.uniregistry.net.,ns3.uniregistry.net.,ns2.uniregistry.info.,ns4.uniregistry.info.
aktyubinsk.su,ns4-geo.nic.ru.,ns8-geo.nic.ru.,ns3-geo.nic.ru.
audi,a0.nic.audi.,a2.nic.audi.,b0.nic.audi.,c0.nic.audi.
arna.no,x.nic.no.,y.nic.no.,z.nic.no.
azurewebsites.net,ns1-224.azure-dns.com.,ns2-224.azure-dns.net.,ns3-224.azure-dns.org.,ns4-224.azure-dns.info.
aw,ns1.dns.aw.,ns2.dns.aw.,ns3.dns.aw.,aw01.setarnet.aw.,aw02.setarnet.aw.
attorney,v0n0.nic.attorney.,v0n1.nic.attorney.,v0n2.nic.attorney.,v0n3.nic.attorney.,v2n0.nic.attorney.,v2n1.nic.attorney.
awdev.ca,pdns01.domaincontrol.com.,pdns02.domaincontrol.com.
autos,a.nic.autos.,b.nic.autos.,c.nic.autos.,d.nic.autos.
aws,dns4.nic.aws.,dns3.nic.aws.,dnsb.nic.aws.,dns1.nic.aws.,dnsd.nic.aws.,dns2.nic.aws.,dnsa.nic.aws.,dnsc.nic.aws.
at.vg,at.vg.,dns.voxel.sh.
avianca,a0.nic.avianca.,b0.nic.avianca.,c0.nic.avianca.,a2.nic.avianca.
azure-mobile.net,ns1-225.azure-dns.com.,ns2-225.azure-dns.net.,ns3-225.azure-dns.org.,ns4-225.azure-dns.info.
azurestaticapps.net,ns1-03.azure-dns.com.,ns2-03.azure-dns.net.,ns3-03.azure-dns.org.,ns4-03.azure-dns.info.
azurecontainer.io,ns1-08.azure-dns.com.,ns2-08.azure-dns.net.,ns3-08.azure-dns.org.,ns4-08.azure-dns.info.
az,ns3.intrans.az.,az.hostmaster.ua.,rip.psg.com.
b-data.io,ns-1013.awsdns-62.net.,ns-1091.awsdns-08.org.,ns-2034.awsdns-62.co.uk.,ns-483.awsdns-60.com.
art.pl,ns14.ovh.net.,dns14.ovh.net.
axa,ns1.dns.nic.axa.,c.nic.axa.,ns3.dns.nic.axa.,a.nic.axa.,b.nic.axa.,ns2.dns.nic.axa.
avocat.pro,a0.pro.afilias-nst.info.,a2.pro.afilias-nst.info.,b0.pro.afilias-nst.org.,b2.pro.afilias-nst.org.,c0.pro.afilias-nst.info.,d0.pro.afilias-nst.org.
asso.gp,ns2.nic.gp.,ns-gp.nic.fr.,ns1.nic.gp.
azure,ac4.nstld.com.,ac1.nstld.com.,ac2.nstld.com.,ac3.nstld.com.
b.br,a.dns.br.,b.dns.br.,c.dns.br.,d.dns.br.,e.dns.br.,f.dns.br.
babia-gora.pl,a-dns.pl.,b-dns.pl.,c-dns.pl.,d-dns.pl.,e-dns.pl.,f-dns.pl.,g-dns.pl.,h-dns.pl.,i-dns.pl.
ba,auth03.ns.uu.net.,ns.ba.,una.utic.net.ba.,sava.utic.net.ba.
abkhazia.su,ns3-geo.nic.ru.,ns8-geo.nic.ru.,ns4-geo.nic.ru.
avoues.fr,a.dns.gandi.net.,c.dns.gandi.net.,b.dns.gandi.net.
balena-devices.com,dahlia.ns.cloudflare.com.,todd.ns.cloudflare.com.
backyards.banzaicloud.io,ns-1067.awsdns-05.org.,ns-1727.awsdns-23.co.uk.,ns-246.awsdns-30.com.,ns-969.awsdns-57.net.
ap.leg.br,dns3.infra.leg.br.,dns2.infra.leg.br.,dns1.infra.leg.br.
askim.no,x.nic.no.,z.nic.no.,y.nic.no.
banzai.cloud,ns-1361.awsdns-42.org.,ns-1673.awsdns-17.co.uk.,ns-220.awsdns-27.com.,ns-647.awsdns-16.net.
aseral.no,x.nic.no.,y.nic.no.,z.nic.no.
askvoll.no,z.nic.no.,x.nic.no.,y.nic.no.
babyblue.jp,dns2.lolipop.jp.,sv.madame.jp.
backplaneapp.io,ns7.csof.net.,ns2.csof.net.,ns5.csof.net.,ns3.csof.net.,ns1.csof.net.,ns8.csof.net.,ns6.csof.net.,ns4.csof.net.
asker.no,y.nic.no.,x.nic.no.,z.nic.no.
barsy.ca,pns22.cloudns.net.,pns23.cloudns.net.,pns21.cloudns.net.,185.206.180.196.,ns1.barsyonline.com.,pns24.cloudns.net.,ns24.cloudns.net.,ns21.cloudns.net.,ns23.cloudns.net.,ns22.cloudns.net.
askøy.no,x.nic.no.,y.nic.no.,z.nic.no.
askoy.no,y.nic.no.,z.nic.no.,x.nic.no.
banamex,c.nic.banamex.,ns2.dns.nic.banamex.,b.nic.banamex.,ns3.dns.nic.banamex.,a.nic.banamex.,ns1.dns.nic.banamex.
backdrop.jp,dns02.chicappa.jp.,dns01.chicappa.jp.
asnes.no,x.nic.no.,y.nic.no.,z.nic.no.
barrell-of-knowledge.info,ns4.p201.dns.oraclecloud.net.,ns3.p201.dns.oraclecloud.net.,ns1.p201.dns.oraclecloud.net.,ns2.p201.dns.oraclecloud.net.
baby,a.nic.baby.,b.nic.baby.,c.nic.baby.,d.nic.baby.
azimuth.network,ns4.iwantmyname.net.,ns2.iwantmyname.net.,ns3.iwantmyname.net.,ns1.iwantmyname.net.
band,v0n2.nic.band.,v0n0.nic.band.,v2n1.nic.band.,v0n3.nic.band.,v0n1.nic.band.,v2n0.nic.band.
barsy.de,ns21.cloudns.net.,ns24.cloudns.net.,pns23.cloudns.net.,pns24.cloudns.net.,ns1.barsyonline.com.,185.206.180.196.,ns22.cloudns.net.,ns23.cloudns.net.,pns21.cloudns.net.,pns22.cloudns.net.
barclays,c.nic.barclays.,a.nic.barclays.,b.nic.barclays.,d.nic.barclays.
bar0.net,ns2.digitalocean.com.,ns3.digitalocean.com.,ns1.digitalocean.com.
bank,f.nic.bank.,e.nic.bank.,d.nic.bank.,y.nic.bank.,x.nic.bank.,w.nic.bank.
bar.pro,a0.pro.afilias-nst.info.,b0.pro.afilias-nst.org.,a2.pro.afilias-nst.info.,b2.pro.afilias-nst.org.,d0.pro.afilias-nst.org.,c0.pro.afilias-nst.info.
babymilk.jp,dns2.lolipop.jp.,sv.madame.jp.
barsy.club,ns21.cloudns.net.,ns22.cloudns.net.,ns1.barsyonline.com.,ns23.cloudns.net.,pns24.cloudns.net.,pns21.cloudns.net.,185.206.180.196.,ns24.cloudns.net.,pns22.cloudns.net.,pns23.cloudns.net.
base.shop,ns-1285.awsdns-32.org.,ns-2007.awsdns-58.co.uk.,ns-719.awsdns-25.net.,ns-80.awsdns-10.com.
barsy.in,pns21.cloudns.net.,ns21.cloudns.net.,ns23.cloudns.net.,pns23.cloudns.net.,ns22.cloudns.net.,185.206.180.196.,ns24.cloudns.net.,pns22.cloudns.net.,ns1.barsyonline.com.,pns24.cloudns.net.
barrel-of-knowledge.info,ns4.p201.dns.oraclecloud.net.,ns2.p201.dns.oraclecloud.net.,ns1.p201.dns.oraclecloud.net.,ns3.p201.dns.oraclecloud.net.
base.ec,ns-1208.awsdns-23.org.,ns-1654.awsdns-14.co.uk.,ns-394.awsdns-49.com.,ns-849.awsdns-42.net.
bananarepublic,b.nic.bananarepublic.,c.nic.bananarepublic.,ns3.dns.nic.bananarepublic.,ns2.dns.nic.bananarepublic.,a.nic.bananarepublic.,ns1.dns.nic.bananarepublic.
barsy.info,185.206.180.196.,ns22.cloudns.net.,pns21.cloudns.net.,ns23.cloudns.net.,ns1.barsyonline.com.,pns23.cloudns.net.,ns21.cloudns.net.,ns24.cloudns.net.,pns22.cloudns.net.,pns24.cloudns.net.
barsy.mobi,ns21.cloudns.net.,ns23.cloudns.net.,185.206.180.196.,pns23.cloudns.net.,ns1.barsyonline.com.,ns24.cloudns.net.,pns21.cloudns.net.,pns22.cloudns.net.,pns24.cloudns.net.,ns22.cloudns.net.
bambina.jp,dns2.lolipop.jp.,sv.madame.jp.
barsy.uk,ns23.cloudns.net.,ns21.cloudns.net.,ns24.cloudns.net.,pns23.cloudns.net.,185.206.180.196.,ns1.barsyonline.com.,pns21.cloudns.net.,pns24.cloudns.net.,ns22.cloudns.net.,pns22.cloudns.net.
barclaycard,a.nic.barclaycard.,b.nic.barclaycard.,c.nic.barclaycard.,d.nic.barclaycard.
barsyonline.com,ns24.cloudns.net.,ns1.barsyonline.com.,pns22.cloudns.net.,ns23.cloudns.net.,pns24.cloudns.net.,pns21.cloudns.net.,ns22.cloudns.net.,185.206.180.196.,pns23.cloudns.net.,ns21.cloudns.net.
barsy.io,ns23.cloudns.net.,ns21.cloudns.net.,pns21.cloudns.net.,pns24.cloudns.net.,pns22.cloudns.net.,ns22.cloudns.net.,185.206.180.196.,ns24.cloudns.net.,pns23.cloudns.net.,ns1.barsyonline.com.
ba.gov.br,ns1.pop-ba.rnp.br.,cpu0020.prodeb.gov.br.,ns2.pop-ba.rnp.br.,cpu0034.ba.gov.br.
bar,a.nic.bar.,b.nic.bar.,c.nic.bar.,d.nic.bar.
asso.dz,ns1.nic.dz.,ns2.nic.dz.
barefoot,ac3.nstld.com.,ac2.nstld.com.,ac1.nstld.com.,ac4.nstld.com.
aure.no,x.nic.no.,y.nic.no.,z.nic.no.
barcelona,anycast10.irondns.net.,anycast23.irondns.net.,anycast9.irondns.net.,anycast24.irondns.net.
atl.jelastic.vps-host.net,ns48.atl.jelastic.vps-host.net.,ns44.atl.jelastic.vps-host.net.
bar2.net,ns2.digitalocean.com.,ns1.digitalocean.com.,ns3.digitalocean.com.
aukra.no,z.nic.no.,x.nic.no.,y.nic.no.
asso.bj,b.dnspod.com.,c.dnspod.com.,a.dnspod.com.
barsy.ro,ns22.cloudns.net.,pns23.cloudns.net.,pns24.cloudns.net.,ns24.cloudns.net.,pns22.cloudns.net.,ns21.cloudns.net.,ns23.cloudns.net.,ns1.barsyonline.com.,pns21.cloudns.net.,185.206.180.196.
aurskog-holand.no,y.nic.no.,z.nic.no.,x.nic.no.
barsy.org,pns21.cloudns.net.,pns23.cloudns.net.,ns1.barsyonline.com.,ns24.cloudns.net.,ns21.cloudns.net.,ns23.cloudns.net.,pns22.cloudns.net.,ns22.cloudns.net.,pns24.cloudns.net.,185.206.180.196.
aurland.no,x.nic.no.,y.nic.no.,z.nic.no.
austrheim.no,y.nic.no.,z.nic.no.,x.nic.no.
aurskog-høland.no,y.nic.no.,z.nic.no.,x.nic.no.
austevoll.no,y.nic.no.,x.nic.no.,z.nic.no.
averøy.no,x.nic.no.,y.nic.no.,z.nic.no.
bc.platform.sh,ns-1001.awsdns-61.net.,ns-1249.awsdns-28.org.,ns-1661.awsdns-15.co.uk.,ns-321.awsdns-40.com.
barsy.co.uk,pns21.cloudns.net.,ns21.cloudns.net.,pns22.cloudns.net.,ns24.cloudns.net.,ns23.cloudns.net.,pns24.cloudns.net.,185.206.180.196.,ns1.barsyonline.com.,pns23.cloudns.net.,ns22.cloudns.net.
barsy.menu,pns21.cloudns.net.,ns23.cloudns.net.,ns1.barsyonline.com.,ns24.cloudns.net.,pns24.cloudns.net.,ns21.cloudns.net.,pns23.cloudns.net.,ns22.cloudns.net.,pns22.cloudns.net.,185.206.180.196.
averoy.no,y.nic.no.,z.nic.no.,x.nic.no.
barsy.net,pns22.cloudns.net.,ns21.cloudns.net.,pns23.cloudns.net.,ns24.cloudns.net.,ns1.barsyonline.com.,185.206.180.196.,pns21.cloudns.net.,ns23.cloudns.net.,pns24.cloudns.net.,ns22.cloudns.net.
barsy.shop,pns21.cloudns.net.,pns24.cloudns.net.,ns22.cloudns.net.,ns1.barsyonline.com.,ns21.cloudns.net.,ns23.cloudns.net.,ns24.cloudns.net.,pns23.cloudns.net.,pns22.cloudns.net.,185.206.180.196.
basketball,d.nic.basketball.,b.nic.basketball.,a.nic.basketball.,c.nic.basketball.
barsy.bg,ns24.cloudns.net.,ns23.cloudns.net.,ns22.cloudns.net.,pns21.cloudns.net.,pns23.cloudns.net.,ns1.barsyonline.com.,pns24.cloudns.net.,185.206.180.196.,ns21.cloudns.net.,pns22.cloudns.net.
bb,ns1.nic.bb.,ns4.nic.bb.,ns3.nic.bb.,ns2.nic.bb.
ato.br,a.dns.br.,b.dns.br.,c.dns.br.,d.dns.br.,e.dns.br.,f.dns.br.
barsy.pro,ns1.barsyonline.com.,ns24.cloudns.net.,185.206.180.196.,pns21.cloudns.net.,pns23.cloudns.net.,ns21.cloudns.net.,pns22.cloudns.net.,ns23.cloudns.net.,ns22.cloudns.net.,pns24.cloudns.net.
barsyonline.co.uk,185.206.180.196.,pns23.cloudns.net.,pns21.cloudns.net.,pns24.cloudns.net.,ns22.cloudns.net.,ns23.cloudns.net.,ns1.barsyonline.com.,ns21.cloudns.net.,pns22.cloudns.net.,ns24.cloudns.net.
bargains,v2n1.nic.bargains.,v0n2.nic.bargains.,v0n1.nic.bargains.,v0n0.nic.bargains.,v2n0.nic.bargains.,v0n3.nic.bargains.
bedzin.pl,a-dns.pl.,b-dns.pl.,c-dns.pl.,d-dns.pl.,e-dns.pl.,f-dns.pl.,g-dns.pl.,h-dns.pl.,i-dns.pl.
barsy.site,pns24.cloudns.net.,ns23.cloudns.net.,ns21.cloudns.net.,pns21.cloudns.net.,ns24.cloudns.net.,pns22.cloudns.net.,ns1.barsyonline.com.,pns23.cloudns.net.,ns22.cloudns.net.,185.206.180.196.
barsy.pub,ns24.cloudns.net.,ns23.cloudns.net.,pns23.cloudns.net.,ns22.cloudns.net.,pns21.cloudns.net.,ns1.barsyonline.com.,185.206.180.196.,pns24.cloudns.net.,pns22.cloudns.net.,ns21.cloudns.net.
barsy.eu,ns23.cloudns.net.,pns23.cloudns.net.,185.206.180.196.,pns22.cloudns.net.,pns24.cloudns.net.,ns22.cloudns.net.,ns24.cloudns.net.,pns21.cloudns.net.,ns21.cloudns.net.,ns1.barsyonline.com.
bbc,dns2.nic.bbc.,dnsd.nic.bbc.,dnsb.nic.bbc.,dns1.nic.bbc.,dns3.nic.bbc.,dnsa.nic.bbc.,dns4.nic.bbc.,dnsc.nic.bbc.
bayern,anycast10.irondns.net.,anycast23.irondns.net.,anycast9.irondns.net.,anycast24.irondns.net.
baseball,ns3.dns.nic.baseball.,ns1.dns.nic.baseball.,c.nic.baseball.,ns2.dns.nic.baseball.,b.nic.baseball.,a.nic.baseball.
bbt,ac1.nstld.com.,ac3.nstld.com.,ac2.nstld.com.,ac4.nstld.com.
barsycenter.com,pns23.cloudns.net.,185.206.180.196.,ns21.cloudns.net.,ns1.barsyonline.com.,ns23.cloudns.net.,pns24.cloudns.net.,pns22.cloudns.net.,ns24.cloudns.net.,pns21.cloudns.net.,ns22.cloudns.net.
bbva,dnsb.nic.bbva.,dnsc.nic.bbva.,dns4.nic.bbva.,dnsd.nic.bbva.,dns1.nic.bbva.,dns2.nic.bbva.,dns3.nic.bbva.,dnsa.nic.bbva.
barsy.online,185.206.180.196.,ns22.cloudns.net.,pns22.cloudns.net.,ns24.cloudns.net.,pns21.cloudns.net.,ns23.cloudns.net.,pns23.cloudns.net.,ns1.barsyonline.com.,ns21.cloudns.net.,pns24.cloudns.net.
asso.mc,mc.cctld.authdns.ripe.net.,ns1.nic.mc.,ns2.nic.mc.
barsy.support,ns22.cloudns.net.,ns23.cloudns.net.,pns21.cloudns.net.,pns23.cloudns.net.,ns21.cloudns.net.,ns24.cloudns.net.,ns1.barsyonline.com.,pns22.cloudns.net.,185.206.180.196.,pns24.cloudns.net.
baidu,b.zdnscloud.com.,a.zdnscloud.com.,d.zdnscloud.com.,f.zdnscloud.com.,g.zdnscloud.com.,i.zdnscloud.com.,j.zdnscloud.com.,c.zdnscloud.com.
bauhaus,anycast24.irondns.net.,anycast10.irondns.net.,anycast23.irondns.net.,anycast9.irondns.net.
basel.museum,ns2.pananames.com.,ns4.pananames.com.,ns3.pananames.com.,ns1.pananames.com.
barsy.me,ns22.cloudns.net.,pns22.cloudns.net.,ns21.cloudns.net.,ns1.barsyonline.com.,ns23.cloudns.net.,ns24.cloudns.net.,pns21.cloudns.net.,pns23.cloudns.net.,pns24.cloudns.net.,185.206.180.196.
bcg,a0.nic.bcg.,a2.nic.bcg.,b0.nic.bcg.,c0.nic.bcg.
bd,jamuna.btcl.net.bd.,surma.btcl.net.bd.,dns.bd.,bd-ns.anycast.pch.net.
arts.ve,ns6.nic.ve.,ns4.nic.ve.,ns3.nic.ve.,a.lactld.org.,ns5.nic.ve.,ssdns-tld.nic.cl.
armenia.su,ns3-geo.nic.ru.,ns8-geo.nic.ru.,ns4-geo.nic.ru.
bashkiria.ru,ns4-geo.nic.ru.,ns3-geo.nic.ru.,ns8-geo.nic.ru.
beer,d.nic.beer.,a.nic.beer.,b.nic.beer.,c.nic.beer.
ax,ns3.alcom.fi.,ns4.alcom.fi.,ns2.aland.net.,ns1.aland.net.
be.gy,ns2.bodis.com.,ns1.bodis.com.
bet.ar,a.dns.ar.,c.dns.ar.,d.dns.ar.,e.dns.ar.,b.dns.ar.
barreau.bj,b.dnspod.com.,c.dnspod.com.,a.dnspod.com.
beats,c0.nic.beats.,a2.nic.beats.,a0.nic.beats.,b0.nic.beats.
at.md,dns.voxel.sh.,voxeldns.net.
beskidy.pl,e-dns.pl.,i-dns.pl.,b-dns.pl.,a-dns.pl.,d-dns.pl.,c-dns.pl.,h-dns.pl.,f-dns.pl.,g-dns.pl.
betainabox.com,josh.ns.cloudflare.com.,kara.ns.cloudflare.com.
arkhangelsk.su,ns8-geo.nic.ru.,ns4-geo.nic.ru.,ns3-geo.nic.ru.
badaddja.no,x.nic.no.,y.nic.no.,z.nic.no.
bielawa.pl,a-dns.pl.,b-dns.pl.,c-dns.pl.,d-dns.pl.,e-dns.pl.,f-dns.pl.,g-dns.pl.,h-dns.pl.,i-dns.pl.
balestrand.no,x.nic.no.,y.nic.no.,z.nic.no.
baidar.no,y.nic.no.,z.nic.no.,x.nic.no.
bajddar.no,x.nic.no.,z.nic.no.,y.nic.no.
bialowieza.pl,a-dns.pl.,b-dns.pl.,c-dns.pl.,d-dns.pl.,e-dns.pl.,f-dns.pl.,g-dns.pl.,h-dns.pl.,i-dns.pl.
bahcavuotna.no,y.nic.no.,x.nic.no.,z.nic.no.
better-than.tv,ns2.p201.dns.oraclecloud.net.,ns4.p201.dns.oraclecloud.net.,ns1.p201.dns.oraclecloud.net.,ns3.p201.dns.oraclecloud.net.
bbs.tr,lns61.nic.tr.,lns71.nic.tr.,lns31.nic.tr.,lns34.nic.tr.,lns35.nic.tr.,lns41.nic.tr.,lns42.nic.tr.,lns5.nic.tr.
bahccavuotna.no,y.nic.no.,x.nic.no.,z.nic.no.
beauty,b.nic.beauty.,c.nic.beauty.,d.nic.beauty.,a.nic.beauty.
avocat.fr,ns3.smallregistry.net.,ns1.smallregistry.net.,ns2.smallregistry.net.,ns4.smallregistry.net.
bentley,dns1.nic.bentley.,dnsc.nic.bentley.,dns2.nic.bentley.,dns4.nic.bentley.,dnsa.nic.bentley.,dns3.nic.bentley.,dnsb.nic.bentley.,dnsd.nic.bentley.
ashgabad.su,ns8-geo.nic.ru.,ns3-geo.nic.ru.,ns4-geo.nic.ru.
bcn,anycast23.irondns.net.,anycast9.irondns.net.,anycast24.irondns.net.,anycast10.irondns.net.
balat.no,x.nic.no.,z.nic.no.,y.nic.no.
balsfjord.no,x.nic.no.,z.nic.no.,y.nic.no.
belau.pw,ns2390.ztomy.com.,ns1390.ztomy.com.
ballangen.no,y.nic.no.,z.nic.no.,x.nic.no.
bialystok.pl,a-dns.pl.,b-dns.pl.,c-dns.pl.,d-dns.pl.,e-dns.pl.,f-dns.pl.,g-dns.pl.,h-dns.pl.,i-dns.pl.
bamble.no,z.nic.no.,y.nic.no.,x.nic.no.
berlin,a.dns.nic.berlin.,m.dns.nic.berlin.,n.dns.nic.berlin.
bf,pch.ns.registre.bf.,censvrns0001.ird.fr.,a.registre.bf.,ns-bf.nic.fr.
bitbucket.io,ns-1070.awsdns-05.org.,ns-195.awsdns-24.com.,ns-1976.awsdns-55.co.uk.,ns-850.awsdns-42.net.
beep.pl,ns2.beep.pl.,ns1.beep.pl.,ns3.beep.pl.
bardu.no,z.nic.no.,y.nic.no.,x.nic.no.
bid,ns3.dns.nic.bid.,ns2.dns.nic.bid.,a.nic.bid.,c.nic.bid.,ns1.dns.nic.bid.,b.nic.bid.
best,c.nic.best.,a.nic.best.,d.nic.best.,b.nic.best.
be.ax,ns3.digitalocean.com.,ns2.digitalocean.com.,ns1.digitalocean.com.
bi,bi.cctld.authdns.ripe.net.,ns1.nic.bi.,ns-bi.afrinic.net.,ns.nic.bi.,anyns.nic.bi.
bible,a.nic.bible.,b.nic.bible.,c.nic.bible.,ns1.dns.nic.bible.,ns2.dns.nic.bible.,ns3.dns.nic.bible.
bg,a.nic.bg.,b.nic.bg.,c.nic.bg.,d.nic.bg.,e.nic.bg.,p.nic.bg.
bing,ac3.nstld.com.,ac1.nstld.com.,ac4.nstld.com.,ac2.nstld.com.
be,a.nsset.be.,b.nsset.be.,c.nsset.be.,d.nsset.be.,y.nsset.be.,z.nsset.be.
bharti,ac3.nstld.com.,ac1.nstld.com.,ac2.nstld.com.,ac4.nstld.com.
bip.sh,amos.ns.cloudflare.com.,kelly.ns.cloudflare.com.
barum.no,y.nic.no.,x.nic.no.,z.nic.no.
bel.tr,lns71.nic.tr.,lns34.nic.tr.,lns35.nic.tr.,lns41.nic.tr.,lns42.nic.tr.,lns5.nic.tr.
biz.mw,rip.psg.com.,domwe.sdn.mw.,chambo.sdnp.org.mw.,ns4.apnic.net.
bike,v0n0.nic.bike.,v0n1.nic.bike.,v0n2.nic.bike.,v0n3.nic.bike.,v2n0.nic.bike.,v2n1.nic.bike.
bet,a0.nic.bet.,a2.nic.bet.,b0.nic.bet.,c0.nic.bet.
biz.cy,ns4.apnic.net.,ns31.rcode0.net.,cy-ns.anycast.pch.net.,estia.ics.forth.gr.,cynic4.dns.cy.,cynic6.dns.cy.
bio,a0.nic.bio.,a2.nic.bio.,b0.nic.bio.,c0.nic.bio.
biz.bb,ns3.nic.bb.,ns4.nic.bb.,bds-tlcm-ns-002.gov.bb.,ns5.nic.bb.,ns2.nic.bb.,ns1.nic.bb.,bds-tlcm-ns-001.gov.bb.
biz.gl,ns3.universaldomainregistry.com.,ns2.universaldomainregistry.com.,ns1.universaldomainregistry.com.,ns4.universaldomainregistry.com.
bible.museum,ns2.101domain.com.,ns5.101domain.com.,ns1.101domain.com.
biz.pl,a-dns.pl.,b-dns.pl.,c-dns.pl.,d-dns.pl.,e-dns.pl.,f-dns.pl.,g-dns.pl.,h-dns.pl.,i-dns.pl.
bg.eu.org,ns.ankh.fr.eu.org.,ns1.eu.org.,ns1.eriomem.net.,hobbes.bsd-dk.dk.
beget.app,ns1.beget.com.,ns2.beget.com.,ns1.beget.pro.,ns2.beget.pro.
bingo,v0n0.nic.bingo.,v0n1.nic.bingo.,v0n2.nic.bingo.,v0n3.nic.bingo.,v2n0.nic.bingo.,v2n1.nic.bingo.
biz,c.gtld.biz.,w.gtld.biz.,a.gtld.biz.,y.gtld.biz.,x.gtld.biz.,b.gtld.biz.
biz.vn,g.dns-servers.vn.,b.dns-servers.vn.,a.dns-servers.vn.,f.dns-servers.vn.,e.dns-servers.vn.,d.dns-servers.vn.,c.dns-servers.vn.
basicserver.io,ns1.wannafind.dk.,ns2.wannafind.dk.
batsfjord.no,z.nic.no.,x.nic.no.,y.nic.no.
bib.br,a.dns.br.,b.dns.br.,c.dns.br.,d.dns.br.,e.dns.br.,f.dns.br.
bh,a.nic.bh.,d.nic.bh.,c.nic.bh.,b.nic.bh.
biz.my,a.mynic.centralnic-dns.com.,b.nic.my.,b.mynic.centralnic-dns.com.,c.mynic.centralnic-dns.com.,d.mynic.centralnic-dns.com.,b1.nic.my.
barueri.br,a.dns.br.,b.dns.br.,c.dns.br.,d.dns.br.,e.dns.br.,f.dns.br.
ba.leg.br,dns1.infra.leg.br.,dns3.infra.leg.br.,dns2.infra.leg.br.
blackbaudcdn.net,ns1.brandsight-dns.com.,ns1.brandsight-dns.net.,ns2.brandsight-dns.net.,ns2.brandsight-dns.com.
au.eu.org,NS1.eu.org.,NS3.KELTIA.NET.,NS1.ERIOMEM.NET.
bitter.jp,sv.madame.jp.,dns2.lolipop.jp.
blogspot.hk,ns3.google.com.,ns1.google.com.,ns4.google.com.,ns2.google.com.
azerbaijan.su,ns4-geo.nic.ru.,ns3-geo.nic.ru.,ns8-geo.nic.ru.
bestbuy,a0.nic.bestbuy.,a2.nic.bestbuy.,b0.nic.bestbuy.,c0.nic.bestbuy.
biz.id,d.dns.id.,b.dns.id.,c.dns.id.,e.dns.id.
blogspot.it,ns1.google.com.,ns4.google.com.,ns2.google.com.,ns3.google.com.
biz.at,ns1.info.at.,ns2.info.at.
biz.pr,d0.pr.afilias-nst.org.,a2.pr.afilias-nst.info.,b2.pr.afilias-nst.org.,a0.pr.afilias-nst.info.,b0.pr.afilias-nst.org.,c0.pr.afilias-nst.info.
bearalváhki.no,y.nic.no.,x.nic.no.,z.nic.no.
bearalvahki.no,z.nic.no.,y.nic.no.,x.nic.no.
beiarn.no,z.nic.no.,x.nic.no.,y.nic.no.
beardu.no,z.nic.no.,x.nic.no.,y.nic.no.
bhz.br,a.dns.br.,b.dns.br.,c.dns.br.,d.dns.br.,e.dns.br.,f.dns.br.
bj.cn,g.dns.cn.,a.dns.cn.,c.dns.cn.,cns.cernet.net.,b.dns.cn.,d.dns.cn.,f.dns.cn.,e.dns.cn.
biz.tr,lns35.nic.tr.,lns41.nic.tr.,lns42.nic.tr.,lns5.nic.tr.,lns61.nic.tr.,lns71.nic.tr.,lns31.nic.tr.,lns34.nic.tr.
bergen.no,x.nic.no.,y.nic.no.,z.nic.no.
berlevag.no,x.nic.no.,y.nic.no.,z.nic.no.
berlevåg.no,y.nic.no.,x.nic.no.,z.nic.no.
blog.br,d.dns.br.,b.dns.br.,f.dns.br.,a.dns.br.,c.dns.br.,e.dns.br.
bindal.no,x.nic.no.,y.nic.no.,z.nic.no.
belem.br,a.dns.br.,b.dns.br.,c.dns.br.,d.dns.br.,e.dns.br.,f.dns.br.
bievát.no,y.nic.no.,x.nic.no.,z.nic.no.
bievat.no,y.nic.no.,z.nic.no.,x.nic.no.
birkenes.no,y.nic.no.,x.nic.no.,z.nic.no.
bieszczady.pl,d-dns.pl.,b-dns.pl.,c-dns.pl.,e-dns.pl.,a-dns.pl.,g-dns.pl.,i-dns.pl.,f-dns.pl.,h-dns.pl.
biz.et,a.nic.et.,b.nic.et.
biz.ni,ns.ni.,ns.uu.net.,ns.ideay.net.ni.,ns2.ni.,ns3.ni.,dns-ext.nic.cr.
bio.br,a.dns.br.,b.dns.br.,c.dns.br.,d.dns.br.,e.dns.br.,f.dns.br.
balashov.su,ns3-geo.nic.ru.,ns4-geo.nic.ru.,ns8-geo.nic.ru.
biz.ua,ns3.uadns.com.,ns2.uadns.com.,ns1.uadns.com.
cc.na,beau.ns.cloudflare.com.,reza.ns.cloudflare.com.
bjerkreim.no,z.nic.no.,y.nic.no.,x.nic.no.
berg.no,y.nic.no.,z.nic.no.,x.nic.no.
bashkiria.su,ns4-geo.nic.ru.,ns8-geo.nic.ru.,ns3-geo.nic.ru.
biz.dk,root-dns.euro-isp.net.,dns2000.euro-isp.net.,dns2001.euro-isp.net.,ns.digitalmarketing.net.,post.digitalmarketing.net.,mail.digitalmarketing.net.,ns1.dk.org.
be.eu.org,NS1.ERIOMEM.NET.,NS.ANKH.FR.eu.org.,NS1.eu.org.
chernigov.ua,nix.ns.ua.,ns3.cn.ua.,ns.dn.ua.
bjugn.no,z.nic.no.,y.nic.no.,x.nic.no.
co.com,ns1.nic.co.com.,ns2.nic.co.com.,ns3.nic.co.com.,ns4.nic.co.com.
bir.ru,ns3-geo.nic.ru.,ns4-geo.nic.ru.,ns8-geo.nic.ru.
com.nr,phloem.uoregon.edu.,ns0.cenpac.net.nr.,ns2.cenpac.net.nr.,ns1.cenpac.net.nr.
co.th,a.thains.co.th.,b.thains.co.th.,c.thains.co.th.,ns.thnic.net.,p.thains.co.th.
com.ws,ns2.dns.ws.,ns5.dns.ws.,us3.dns.ws.,us4.dns.ws.
2038.io,ns1.2038.host.,ns2.2038.host.
czest.pl,c-dns.pl.,a-dns.pl.,f-dns.pl.,i-dns.pl.,e-dns.pl.,g-dns.pl.,d-dns.pl.,b-dns.pl.,h-dns.pl.
co.cl,castor.entelchile.net.,polux.entelchile.net.
co.dk,dns2000.euro-isp.net.,dns2001.euro-isp.net.,ns.digitalmarketing.net.,post.digitalmarketing.net.,mail.digitalmarketing.net.,ns1.dk.org.,root-dns.euro-isp.net.
dnsdojo.org,ns4.p201.dns.oraclecloud.net.,ns3.p201.dns.oraclecloud.net.,ns1.p201.dns.oraclecloud.net.,ns2.p201.dns.oraclecloud.net.
doomdns.org,ns2.p201.dns.oraclecloud.net.,ns3.p201.dns.oraclecloud.net.,ns4.p201.dns.oraclecloud.net.,ns1.p201.dns.oraclecloud.net.
dyndns-free.com,ns1.p201.dns.oraclecloud.net.,ns4.p201.dns.oraclecloud.net.,ns3.p201.dns.oraclecloud.net.,ns2.p201.dns.oraclecloud.net.
dyndns-office.com,ns1.p201.dns.oraclecloud.net.,ns3.p201.dns.oraclecloud.net.,ns2.p201.dns.oraclecloud.net.,ns4.p201.dns.oraclecloud.net.
dnsup.net,ns2.now-dns.com.,ns1.now-dns.com.
edu.mw,ns4.apnic.net.,chambo.sdnp.org.mw.,d.ext.nic.cz.,pch1.nic.mw.,mw.cctld.authdns.ripe.net.,rip.psg.com.,domwe.sdn.mw.
dynamic-dns.info,ns2.c-srv.de.,ns1.c-srv.de.,ns4.c-srv.de.,ns3.c-srv.de.
endofinternet.org,ns4.p201.dns.oraclecloud.net.,ns2.p201.dns.oraclecloud.net.,ns1.p201.dns.oraclecloud.net.,ns3.p201.dns.oraclecloud.net.
deatnu.no,x.nic.no.,z.nic.no.,y.nic.no.
enterprisecloud.nu,ns2.wannafind.dk.,ns.wannafind.dk.
for-the.biz,ns1.p201.dns.oraclecloud.net.,ns4.p201.dns.oraclecloud.net.,ns3.p201.dns.oraclecloud.net.,ns2.p201.dns.oraclecloud.net.
draydns.de,h2-045.net.crns.de.,ns2.crns.de.
frusky.de,ns-cloud1.googledomains.com.,ns-cloud4.googledomains.com.,ns-cloud2.googledomains.com.,ns-cloud3.googledomains.com.
fr-1.paas.massivegrid.net,ns103.fr-1.paas.massivegrid.net.,ns104.fr-1.paas.massivegrid.net.
bib.ve,ns5.nic.ve.,ssdns-tld.nic.cl.,ns4.nic.ve.,ns6.nic.ve.,ns3.nic.ve.
functions.fnc.fr-par.scw.cloud,ns1.online.net.,ns0.online.net.
futurecms.at,ns3.futureweb.at.,ns2.futureweb.at.,ns1.futureweb.at.
com.la,ns1.lanic.net.la.,ns2.lanic.net.la.,ns4.lanic.net.la.,ns3.lanic.net.la.
frana.no,z.nic.no.,x.nic.no.,y.nic.no.
girlfriend.jp,sv.madame.jp.,dns2.lolipop.jp.
flog.br,c.dns.br.,a.dns.br.,e.dns.br.,f.dns.br.,b.dns.br.,d.dns.br.
gliwice.pl,ns1.silweb.pl.,ns2.silweb.pl.,ns3.silweb.pl.
frøya.no,y.nic.no.,z.nic.no.,x.nic.no.
gov.gh,ns.dns.br.,ns1.nic.gh.,ns2.nic.gh.
gamvik.no,x.nic.no.,z.nic.no.,y.nic.no.
gov.rs,ns2.gov.rs.,dagda1.isp.telekom.rs.,ns1.gov.rs.,ns1.nic.rs.
hn.cn,b.dns.cn.,e.dns.cn.,cns.cernet.net.,g.dns.cn.,a.dns.cn.,d.dns.cn.,c.dns.cn.,f.dns.cn.
gov.kp,ns1.gov.kp.,ns2.gov.kp.
grane.no,y.nic.no.,x.nic.no.,z.nic.no.
hadsel.no,x.nic.no.,z.nic.no.,y.nic.no.
info.ec,n3.dns.ec.,n2.nic.ec.,a.lactld.org.
hosting-cluster.nl,ns4.european-server.com.,ns3.european-server.com.
info.bb,ns4.nic.bb.,ns2.nic.bb.,ns5.nic.bb.,bds-tlcm-ns-002.gov.bb.,ns3.nic.bb.,bds-tlcm-ns-001.gov.bb.,ns1.nic.bb.
isa-geek.net,ns3.p201.dns.oraclecloud.net.,ns4.p201.dns.oraclecloud.net.,ns1.p201.dns.oraclecloud.net.,ns2.p201.dns.oraclecloud.net.
is-a-therapist.com,ns4.p201.dns.oraclecloud.net.,ns3.p201.dns.oraclecloud.net.,ns1.p201.dns.oraclecloud.net.,ns2.p201.dns.oraclecloud.net.
is-by.us,ns4.p201.dns.oraclecloud.net.,ns1.p201.dns.oraclecloud.net.,ns2.p201.dns.oraclecloud.net.,ns3.p201.dns.oraclecloud.net.
is-a-nurse.com,ns1.p201.dns.oraclecloud.net.,ns4.p201.dns.oraclecloud.net.,ns3.p201.dns.oraclecloud.net.,ns2.p201.dns.oraclecloud.net.
in-vpn.de,ns1.in-berlin.de.,ns3.in-berlin.de.,ns2.in-berlin.de.,ns4.in-berlin.de.
hoyanger.no,x.nic.no.,z.nic.no.,y.nic.no.
gs.sf.no,x.nic.no.,z.nic.no.,y.nic.no.
k12.ct.us,ns1.cen.ct.gov.,ns2.cen.ct.gov.
k12.ok.us,terra.osrhe.edu.,dns.onenet.net.
heroy.nordland.no,z.nic.no.,y.nic.no.,x.nic.no.
kobierzyce.pl,a-dns.pl.,b-dns.pl.,c-dns.pl.,d-dns.pl.,e-dns.pl.,f-dns.pl.,g-dns.pl.,h-dns.pl.,i-dns.pl.
jeonbuk.kr,c.dns.kr.,f.dns.kr.,g.dns.kr.,b.dns.kr.,d.dns.kr.,e.dns.kr.
km.ua,nn.ns.ua.,ns.km.ua.,ba1.ns.ua.,nix.ns.ua.,ns2.km.ua.,ns3.km.ua.
kaas.gg,ns3.cheesehosting.net.,ns2.cheesehosting.net.,ns1.cheesehosting.net.
karmoy.no,x.nic.no.,y.nic.no.,z.nic.no.
lab.ms,ns67.domaincontrol.com.,ns68.domaincontrol.com.
kartuzy.pl,a-dns.pl.,b-dns.pl.,c-dns.pl.,d-dns.pl.,e-dns.pl.,f-dns.pl.,g-dns.pl.,h-dns.pl.,i-dns.pl.
law.pro,a0.pro.afilias-nst.info.,a2.pro.afilias-nst.info.,b0.pro.afilias-nst.org.,b2.pro.afilias-nst.org.,c0.pro.afilias-nst.info.,d0.pro.afilias-nst.org.
lib.la.us,ns2.state.lib.la.us.,pelican.state.lib.la.us.,prepare.lib.la.us.
lomza.pl,a-dns.pl.,b-dns.pl.,c-dns.pl.,d-dns.pl.,e-dns.pl.,f-dns.pl.,g-dns.pl.,h-dns.pl.,i-dns.pl.
lib.nh.us,unhsst.unh.edu.,nic.unh.edu.
leczna.pl,ns1.lublin.pl.,ns2.lublin.pl.
ltd.gi,a0.cctld.afilias-nst.info.,a2.cctld.afilias-nst.info.,b0.cctld.afilias-nst.org.,b2.cctld.afilias-nst.org.,c0.cctld.afilias-nst.info.,d0.cctld.afilias-nst.org.
main.jp,dns2.lolipop.jp.,sv.madame.jp.
kvinesdal.no,y.nic.no.,x.nic.no.,z.nic.no.
langevåg.no,y.nic.no.,x.nic.no.,z.nic.no.
leka.no,y.nic.no.,x.nic.no.,z.nic.no.
ma.gov.br,ns4.ma.gov.br.,coqueiro.ma.gov.br.,tiamaria.ma.gov.br.,calhau.ma.gov.br.
lorenskog.no,x.nic.no.,z.nic.no.,y.nic.no.
mmafan.biz,nf1.no-ip.com.,nf2.no-ip.com.,nf3.no-ip.com.,nf4.no-ip.com.,nf5.no-ip.com.
masoy.no,z.nic.no.,x.nic.no.,y.nic.no.
mobi.ke,ns-ke.afrinic.net.,ns.anycast.kenic.or.ke.,b.ns.tznic.or.tz.,kenic.anycastdns.cz.,mzizi.kenic.or.ke.,ns2ke.dns.business.
mobi.gp,ns1.nic.gp.,ns-gp.nic.fr.,ns2.nic.gp.
med.br,a.dns.br.,b.dns.br.,c.dns.br.,d.dns.br.,e.dns.br.,f.dns.br.
mydissent.net,nf1.no-ip.com.,nf2.no-ip.com.,nf3.no-ip.com.,nf4.no-ip.com.,nf5.no-ip.com.
mypep.link,ns1.mypep.link.,ns2.mypep.link.,ns3.mypep.link.
lv.eu.org,NS1.ERIOMEM.NET.,HOBBES.BSD-DK.DK.,NS.ANKH.FR.eu.org.,NS1.eu.org.
mg.leg.br,dns1.infra.leg.br.,dns3.infra.leg.br.,dns2.infra.leg.br.
mutual.ar,d.dns.ar.,a.dns.ar.,b.dns.ar.,c.dns.ar.,f.dns.ar.,e.dns.ar.
my-router.de,ns1.m-online.net.,ns3.m-online.net.,dyndns.securepoint.de.,ns4.m-online.net.,ns2.m-online.net.,dns-001.securepoint.de.
museum.mw,c.dnspod.com.,a.dnspod.com.,b.dnspod.com.
musician.io,ns1.staclar.com.,ns2.staclar.com.,ns3.staclar.com.,ns4.staclar.com.
name.my,a.mynic.centralnic-dns.com.,b.nic.my.,b.mynic.centralnic-dns.com.,c.mynic.centralnic-dns.com.,d.mynic.centralnic-dns.com.,b1.nic.my.
nc.tr,ns1.nc.tr.,ns2.nc.tr.
net.iq,nsp-anycast.cmc.iq.,ns1.cmc.iq.,ns.cocca.fr.
net.ni,ns.ni.,dns-ext.nic.cr.,ns.ideay.net.ni.,ns.uu.net.,ns2.ni.,ns3.ni.
nid.io,dns2.registrar-servers.com.,dns1.registrar-servers.com.
no-ip.net,nf1.no-ip.com.,nf2.no-ip.com.,nf3.no-ip.com.,nf4.no-ip.com.,nf5.no-ip.com.
net.cm,a.cm.dyntld.net.,ns2.nic.cm.,ns1.nic.cm.,b.cm.dyntld.net.
ntdll.top,ns2.now-dns.com.,ns1.now-dns.com.
net.bt,ns1.druknet.bt.,ns2.druknet.bt.
mo.cn,c.dns.cn.,g.dns.cn.,a.dns.cn.,e.dns.cn.,b.dns.cn.,d.dns.cn.,f.dns.cn.,cns.cernet.net.
nowaruda.pl,h-dns.pl.,f-dns.pl.,e-dns.pl.,a-dns.pl.,g-dns.pl.,b-dns.pl.,d-dns.pl.,c-dns.pl.,i-dns.pl.
onred.one,dns1.registrar-servers.com.,dns2.registrar-servers.com.
org.bb,ns4.nic.bb.,bds-tlcm-ns-002.gov.bb.,ns5.nic.bb.,ns3.nic.bb.,ns2.nic.bb.,bds-tlcm-ns-001.gov.bb.,ns1.nic.bb.
onflashdrive.app,kai.ns.cloudflare.com.,nelci.ns.cloudflare.com.
opole.pl,c-dns.pl.,e-dns.pl.,i-dns.pl.,a-dns.pl.,d-dns.pl.,b-dns.pl.,f-dns.pl.,g-dns.pl.,h-dns.pl.
nordreisa.no,x.nic.no.,z.nic.no.,y.nic.no.
org.ls,ns2.nic.ls.,ns-ls.afrinic.net.,ns1.nic.ls.,ls-ns.anycast.pch.net.
nt.no,y.nic.no.,z.nic.no.,x.nic.no.
orx.biz,elle.ns.cloudflare.com.,vern.ns.cloudflare.com.
or.id,c.dns.id.,b.dns.id.,e.dns.id.,d.dns.id.
org.kz,ns.nic.kz.,ns2.nic.kz.
org.dz,ns2.nic.dz.,ns1.nic.dz.
ng.eu.org,HOBBES.BSD-DK.DK.,NS1.ERIOMEM.NET.,NS.ANKH.FR.eu.org.,NS1.eu.org.
pages.dev,adi.ns.cloudflare.com.,karl.ns.cloudflare.com.
pl.ua,nn.ns.ua.,ba1.ns.ua.,ho1.ns.pl.ua.,sx.ns.ua.
per.sg,pch.sgzones.sg.,dsany.sgnic.sg.,dsany2.sgnic.sg.,dsany3.sgnic.sg.
org.uz,ns2.reg.uz.,ns1.reg.uz.
rackmaze.com,ns-1153.awsdns-16.org.,ns-1926.awsdns-48.co.uk.,ns-332.awsdns-41.com.,ns-556.awsdns-05.net.
privatizehealthinsurance.net,nf1.no-ip.com.,nf2.no-ip.com.,nf3.no-ip.com.,nf4.no-ip.com.,nf5.no-ip.com.
osasco.br,c.dns.br.,e.dns.br.,b.dns.br.,f.dns.br.,a.dns.br.,d.dns.br.
pp.ua,ns1.uadns.com.,ns3.uadns.com.,ns2.uadns.com.
recht.pro,a0.pro.afilias-nst.info.,a2.pro.afilias-nst.info.,b0.pro.afilias-nst.org.,b2.pro.afilias-nst.org.,c0.pro.afilias-nst.info.,d0.pro.afilias-nst.org.
s3.amazonaws.com,ns-1300.awsdns-34.org.,ns-1579.awsdns-05.co.uk.,ns-63.awsdns-07.com.,ns-771.awsdns-32.net.
s3-website-us-east-1.amazonaws.com,ns-1286.awsdns-32.org.,ns-1779.awsdns-30.co.uk.,ns-437.awsdns-54.com.,ns-611.awsdns-12.net.
s3.dualstack.ap-south-1.amazonaws.com,ns-1124.awsdns-12.org.,ns-1543.awsdns-00.co.uk.,ns-219.awsdns-27.com.,ns-755.awsdns-30.net.
s3.eu-west-2.amazonaws.com,ns-1119.awsdns-11.org.,ns-1551.awsdns-01.co.uk.,ns-488.awsdns-61.com.,ns-531.awsdns-02.net.
rocky.page,liv.ns.cloudflare.com.,morgan.ns.cloudflare.com.
ryd.wafaicloud.com,ns133.ryd.wafaicloud.com.,ns1.ryd.wafaicloud.com.,ns134.ryd.wafaicloud.com.,ns2.ryd.wafaicloud.com.
servehalflife.com,nf1.no-ip.com.,nf2.no-ip.com.,nf3.no-ip.com.,nf4.no-ip.com.,nf5.no-ip.com.
rømskog.no,x.nic.no.,z.nic.no.,y.nic.no.
roros.no,z.nic.no.,x.nic.no.,y.nic.no.
sandefjord.no,y.nic.no.,x.nic.no.,z.nic.no.
sandnes.no,x.nic.no.,z.nic.no.,y.nic.no.
siteleaf.net,ns-1356.awsdns-41.org.,ns-1867.awsdns-41.co.uk.,ns-246.awsdns-30.com.,ns-818.awsdns-38.net.
sd.cn,c.dns.cn.,g.dns.cn.,b.dns.cn.,d.dns.cn.,e.dns.cn.,a.dns.cn.,f.dns.cn.,cns.cernet.net.
shopping,v2n0.nic.shopping.,v0n3.nic.shopping.,v0n0.nic.shopping.,v2n1.nic.shopping.,v0n1.nic.shopping.,v0n2.nic.shopping.
shop.hu,b.hu.,c.hu.,a.hu.,d.hu.
sc.kr,c.dns.kr.,b.dns.kr.,g.dns.kr.,f.dns.kr.,d.dns.kr.,e.dns.kr.
supabase.net,christina.ns.cloudflare.com.,neil.ns.cloudflare.com.
sytes.net,nf1.no-ip.com.,nf2.no-ip.com.,nf3.no-ip.com.,nf4.no-ip.com.,nf5.no-ip.com.
sortland.no,y.nic.no.,x.nic.no.,z.nic.no.
ski.no,x.nic.no.,y.nic.no.,z.nic.no.
snåase.no,z.nic.no.,y.nic.no.,x.nic.no.
skanland.no,x.nic.no.,y.nic.no.,z.nic.no.
sweetpepper.org,ns1.potager.org.,ns2.potager.org.
storfjord.no,x.nic.no.,z.nic.no.,y.nic.no.
søndre-land.no,z.nic.no.,x.nic.no.,y.nic.no.
thruhere.net,ns3.p201.dns.oraclecloud.net.,ns1.p201.dns.oraclecloud.net.,ns2.p201.dns.oraclecloud.net.,ns4.p201.dns.oraclecloud.net.
taxi.br,a.dns.br.,b.dns.br.,c.dns.br.,d.dns.br.,e.dns.br.,f.dns.br.
uk.net,ns1.centralnic.net.,ns2.centralnic.net.,ns3.centralnic.net.,ns4.centralnic.net.
trentinosudtirol.it,dns.widhost.net.,dns2.widhost.net.
velvet.jp,sv.madame.jp.,dns2.lolipop.jp.
træna.no,z.nic.no.,y.nic.no.,x.nic.no.
vpndns.net,ns1.now-dns.com.,ns2.now-dns.com.
vpnplus.to,ddns-ns1.quickconnect.to.,ddns-ns2.quickconnect.to.
webhop.org,ns3.p201.dns.oraclecloud.net.,ns1.p201.dns.oraclecloud.net.,ns2.p201.dns.oraclecloud.net.,ns4.p201.dns.oraclecloud.net.
wphostedmail.com,ns-1432.awsdns-51.org.,ns-1738.awsdns-25.co.uk.,ns-188.awsdns-23.com.,ns-673.awsdns-20.net.
wpmucdn.com,ns-1231.awsdns-25.org.,ns-1617.awsdns-10.co.uk.,ns-316.awsdns-39.com.,ns-625.awsdns-14.net.
udi.br,a.dns.br.,b.dns.br.,c.dns.br.,d.dns.br.,e.dns.br.,f.dns.br.
wedeploy.io,ns1.above.com.,ns2.above.com.
virtual-user.de,uclo-ns-02.de.,uclo-ns-01.de.
with.marketing,ns-a3.namesoflondon.net.,ns-a1.namesoflondon.net.,ns-a4.namesoflondon.net.,ns-a5.namesoflondon.net.,ns-a2.namesoflondon.net.
webhare.dev,ns-cloud-d3.googledomains.com.,ns-cloud-d4.googledomains.com.,ns-cloud-d2.googledomains.com.,ns-cloud-d1.googledomains.com.
webpaas.ovh.net,dns12.ovh.net.,ns12.ovh.net.
vaapste.no,y.nic.no.,z.nic.no.,x.nic.no.
vagan.no,z.nic.no.,y.nic.no.,x.nic.no.
vegarshei.no,y.nic.no.,z.nic.no.,x.nic.no.
vennesla.no,x.nic.no.,y.nic.no.,z.nic.no.
utwente.io,ns6.snt.utwente.nl.,ns5.snt.utwente.nl.,ns4.snt.utwente.nl.
yn.cn,f.dns.cn.,e.dns.cn.,b.dns.cn.,d.dns.cn.,a.dns.cn.,cns.cernet.net.,g.dns.cn.,c.dns.cn.
yandexcloud.net,ns4.yandex.ru.,ns3.yandex.ru.
биз.рус,ns2.rlnic.ru.,ns1.rlnic.ru.
я.рус,ns2.rlnic.ru.,ns1.rlnic.ru.